<?xml version="1.0" encoding="UTF-8"?>
<!-- Generated by org.testng.reporters.JUnitReportReporter -->
<testsuite hostname="DESKTOP-896EQCN" failures="0" tests="2" name="ReadingdatafromCommandtest" time="0.079" errors="0" timestamp="11 May 2022 07:24:21 GMT" skipped="0">
  <testcase classname="ReadingdatafromCommandtest" name="regressiontest" time="0.018"/>
  <testcase classname="ReadingdatafromCommandtest" name="ReadingdatafromCommandtest" time="0.061"/>
</testsuite> <!-- ReadingdatafromCommandtest -->
