<?xml version="1.0" encoding="UTF-8"?>
<!-- Generated by org.testng.reporters.JUnitReportReporter -->
<testsuite hostname="DESKTOP-896EQCN" failures="0" tests="1" name="CreateUserTest" time="0.043" errors="0" timestamp="11 May 2022 07:22:14 GMT" skipped="0">
  <testcase classname="CreateUserTest" name="CreateUserTest" time="0.043"/>
</testsuite> <!-- CreateUserTest -->
